info Installing the app...
To honour the JVM settings for this build a single-use Daemon process will be forked. For more on this, please refer to https://docs.gradle.org/8.7/userguide/gradle_daemon.html#sec:disabling_the_daemon in the Gradle documentation.
Daemon will be stopped at the end of the build 
Path for java installation '/usr/lib/jvm/openjdk-17' (Common Linux Locations) does not contain a java executable
> Task :gradle-plugin:compileKotlin UP-TO-DATE
> Task :gradle-plugin:compileJava NO-SOURCE
> Task :gradle-plugin:pluginDescriptors UP-TO-DATE
> Task :gradle-plugin:processResources UP-TO-DATE
> Task :gradle-plugin:classes UP-TO-DATE
> Task :gradle-plugin:jar UP-TO-DATE
> Task :gradle-plugin:inspectClassesForKotlinIC UP-TO-DATE

> Configure project :react-native-reanimated
Android gradle plugin: 8.6.0
Gradle: 8.7

> Configure project :react-native-vision-camera
[VisionCamera] Thank you for using VisionCamera ❤️
[VisionCamera] If you enjoy using VisionCamera, please consider sponsoring this project: https://github.com/sponsors/mrousavy
[VisionCamera] node_modules found at /home/scratcher/Documents/CapStash/CapStashWallet/node_modules
[VisionCamera] VisionCamera_enableFrameProcessors is set to true!
[VisionCamera] react-native-worklets-core not found, Frame Processors are disabled!
[VisionCamera] VisionCamera_enableCodeScanner is set to true!
Path for java installation '/usr/lib/jvm/openjdk-17' (Common Linux Locations) does not contain a java executable
WARNING: We recommend using a newer Android Gradle plugin to use compileSdk = 36

This Android Gradle plugin (8.6.0) was tested up to compileSdk = 35.

You are strongly encouraged to update your project to use a newer
Android Gradle plugin that has been tested with compileSdk = 36.

If you are already using the latest version of the Android Gradle plugin,
you may need to wait until a newer version with support for compileSdk = 36 is available.

For more information refer to the compatibility table:
https://d.android.com/r/tools/api-level-support

To suppress this warning, add/update
    android.suppressUnsupportedCompileSdk=36
to this project's gradle.properties.

> Task :app:generateCodegenSchemaFromJavaScript SKIPPED
> Task :app:generateCodegenArtifactsFromSchema SKIPPED
> Task :app:generatePackageList
> Task :app:preBuild
> Task :app:preDebugBuild
> Task :app:generateDebugBuildConfig
> Task :react-native-async-storage_async-storage:preBuild UP-TO-DATE
> Task :react-native-async-storage_async-storage:preDebugBuild UP-TO-DATE
> Task :react-native-community_netinfo:preBuild UP-TO-DATE
> Task :react-native-community_netinfo:preDebugBuild UP-TO-DATE
> Task :react-native-encrypted-storage:preBuild UP-TO-DATE
> Task :react-native-encrypted-storage:preDebugBuild UP-TO-DATE
> Task :react-native-gesture-handler:preBuild UP-TO-DATE
> Task :react-native-gesture-handler:preDebugBuild UP-TO-DATE
> Task :react-native-community_netinfo:writeDebugAarMetadata
> Task :react-native-async-storage_async-storage:writeDebugAarMetadata
> Task :react-native-encrypted-storage:writeDebugAarMetadata
> Task :react-native-linear-gradient:preBuild UP-TO-DATE
> Task :react-native-linear-gradient:preDebugBuild UP-TO-DATE
> Task :react-native-gesture-handler:writeDebugAarMetadata
> Task :react-native-masked-view_masked-view:preBuild UP-TO-DATE
> Task :react-native-masked-view_masked-view:preDebugBuild UP-TO-DATE
> Task :react-native-linear-gradient:writeDebugAarMetadata
> Task :react-native-reanimated:assertLatestReactNativeWithNewArchitectureTask SKIPPED
> Task :react-native-masked-view_masked-view:writeDebugAarMetadata
> Task :react-native-reanimated:assertMinimalReactNativeVersionTask SKIPPED
> Task :react-native-reanimated:prepareHeadersForPrefab
> Task :react-native-reanimated:preBuild
> Task :react-native-reanimated:preDebugBuild
> Task :react-native-safe-area-context:preBuild UP-TO-DATE
> Task :react-native-safe-area-context:preDebugBuild UP-TO-DATE
> Task :react-native-reanimated:writeDebugAarMetadata
> Task :react-native-screens:preBuild UP-TO-DATE
> Task :react-native-safe-area-context:writeDebugAarMetadata
> Task :react-native-screens:preDebugBuild UP-TO-DATE
> Task :react-native-svg:preBuild UP-TO-DATE
> Task :react-native-svg:preDebugBuild UP-TO-DATE
> Task :react-native-screens:writeDebugAarMetadata
> Task :react-native-svg:writeDebugAarMetadata
> Task :react-native-vision-camera:prepareHeaders
> Task :react-native-vision-camera:preBuild
> Task :react-native-vision-camera:preDebugBuild
> Task :react-native-vision-camera:writeDebugAarMetadata
> Task :app:generateDebugResValues
> Task :react-native-async-storage_async-storage:generateDebugResValues
> Task :react-native-async-storage_async-storage:generateDebugResources
> Task :app:checkDebugAarMetadata
> Task :react-native-async-storage_async-storage:packageDebugResources
> Task :react-native-community_netinfo:generateDebugResValues
> Task :react-native-community_netinfo:generateDebugResources
> Task :react-native-community_netinfo:packageDebugResources
> Task :react-native-encrypted-storage:generateDebugResValues
> Task :react-native-encrypted-storage:generateDebugResources
> Task :react-native-encrypted-storage:packageDebugResources
> Task :react-native-gesture-handler:generateDebugResValues
> Task :react-native-gesture-handler:generateDebugResources
> Task :react-native-gesture-handler:packageDebugResources
> Task :react-native-linear-gradient:generateDebugResValues
> Task :react-native-linear-gradient:generateDebugResources
> Task :react-native-linear-gradient:packageDebugResources
> Task :react-native-masked-view_masked-view:generateDebugResValues
> Task :react-native-masked-view_masked-view:generateDebugResources
> Task :react-native-masked-view_masked-view:packageDebugResources
> Task :react-native-reanimated:generateDebugResValues
> Task :react-native-reanimated:generateDebugResources
> Task :react-native-reanimated:packageDebugResources
> Task :react-native-safe-area-context:generateDebugResValues
> Task :react-native-safe-area-context:generateDebugResources
> Task :react-native-safe-area-context:packageDebugResources
> Task :react-native-screens:generateDebugResValues
> Task :react-native-screens:generateDebugResources
> Task :react-native-screens:packageDebugResources
> Task :react-native-svg:generateDebugResValues
> Task :react-native-svg:generateDebugResources
> Task :react-native-svg:packageDebugResources
> Task :react-native-vision-camera:generateDebugResValues
> Task :react-native-vision-camera:generateDebugResources
> Task :react-native-vision-camera:packageDebugResources
> Task :app:mapDebugSourceSetPaths
> Task :app:generateDebugResources
> Task :app:packageDebugResources
> Task :app:createDebugCompatibleScreenManifests
> Task :app:extractDeepLinksDebug
> Task :react-native-async-storage_async-storage:extractDeepLinksDebug
> Task :app:parseDebugLocalResources
> Task :react-native-community_netinfo:extractDeepLinksDebug
> Task :react-native-encrypted-storage:extractDeepLinksDebug

> Task :react-native-community_netinfo:processDebugManifest
package="com.reactnativecommunity.netinfo" found in source AndroidManifest.xml: /home/scratcher/Documents/CapStash/CapStashWallet/node_modules/@react-native-community/netinfo/android/src/main/AndroidManifest.xml.
Setting the namespace via the package attribute in the source AndroidManifest.xml is no longer supported, and the value is ignored.
Recommendation: remove package="com.reactnativecommunity.netinfo" from the source AndroidManifest.xml: /home/scratcher/Documents/CapStash/CapStashWallet/node_modules/@react-native-community/netinfo/android/src/main/AndroidManifest.xml.

> Task :react-native-async-storage_async-storage:processDebugManifest
package="com.reactnativecommunity.asyncstorage" found in source AndroidManifest.xml: /home/scratcher/Documents/CapStash/CapStashWallet/node_modules/@react-native-async-storage/async-storage/android/src/main/AndroidManifest.xml.
Setting the namespace via the package attribute in the source AndroidManifest.xml is no longer supported, and the value is ignored.
Recommendation: remove package="com.reactnativecommunity.asyncstorage" from the source AndroidManifest.xml: /home/scratcher/Documents/CapStash/CapStashWallet/node_modules/@react-native-async-storage/async-storage/android/src/main/AndroidManifest.xml.

> Task :react-native-encrypted-storage:processDebugManifest
package="com.emeraldsanto.encryptedstorage" found in source AndroidManifest.xml: /home/scratcher/Documents/CapStash/CapStashWallet/node_modules/react-native-encrypted-storage/android/src/main/AndroidManifest.xml.
Setting the namespace via the package attribute in the source AndroidManifest.xml is no longer supported, and the value is ignored.
Recommendation: remove package="com.emeraldsanto.encryptedstorage" from the source AndroidManifest.xml: /home/scratcher/Documents/CapStash/CapStashWallet/node_modules/react-native-encrypted-storage/android/src/main/AndroidManifest.xml.

> Task :react-native-gesture-handler:extractDeepLinksDebug
> Task :react-native-linear-gradient:extractDeepLinksDebug

> Task :react-native-gesture-handler:processDebugManifest
package="com.swmansion.gesturehandler" found in source AndroidManifest.xml: /home/scratcher/Documents/CapStash/CapStashWallet/node_modules/react-native-gesture-handler/android/src/main/AndroidManifest.xml.
Setting the namespace via the package attribute in the source AndroidManifest.xml is no longer supported, and the value is ignored.
Recommendation: remove package="com.swmansion.gesturehandler" from the source AndroidManifest.xml: /home/scratcher/Documents/CapStash/CapStashWallet/node_modules/react-native-gesture-handler/android/src/main/AndroidManifest.xml.

> Task :react-native-masked-view_masked-view:extractDeepLinksDebug

> Task :react-native-linear-gradient:processDebugManifest
package="com.BV.LinearGradient" found in source AndroidManifest.xml: /home/scratcher/Documents/CapStash/CapStashWallet/node_modules/react-native-linear-gradient/android/src/main/AndroidManifest.xml.
Setting the namespace via the package attribute in the source AndroidManifest.xml is no longer supported, and the value is ignored.
Recommendation: remove package="com.BV.LinearGradient" from the source AndroidManifest.xml: /home/scratcher/Documents/CapStash/CapStashWallet/node_modules/react-native-linear-gradient/android/src/main/AndroidManifest.xml.

> Task :react-native-reanimated:extractDeepLinksDebug
> Task :react-native-masked-view_masked-view:processDebugManifest
> Task :react-native-safe-area-context:extractDeepLinksDebug

> Task :react-native-reanimated:processDebugManifest
package="com.swmansion.reanimated" found in source AndroidManifest.xml: /home/scratcher/Documents/CapStash/CapStashWallet/node_modules/react-native-reanimated/android/src/main/AndroidManifest.xml.
Setting the namespace via the package attribute in the source AndroidManifest.xml is no longer supported, and the value is ignored.
Recommendation: remove package="com.swmansion.reanimated" from the source AndroidManifest.xml: /home/scratcher/Documents/CapStash/CapStashWallet/node_modules/react-native-reanimated/android/src/main/AndroidManifest.xml.

> Task :react-native-safe-area-context:processDebugManifest
package="com.th3rdwave.safeareacontext" found in source AndroidManifest.xml: /home/scratcher/Documents/CapStash/CapStashWallet/node_modules/react-native-safe-area-context/android/src/main/AndroidManifest.xml.
Setting the namespace via the package attribute in the source AndroidManifest.xml is no longer supported, and the value is ignored.
Recommendation: remove package="com.th3rdwave.safeareacontext" from the source AndroidManifest.xml: /home/scratcher/Documents/CapStash/CapStashWallet/node_modules/react-native-safe-area-context/android/src/main/AndroidManifest.xml.

> Task :react-native-screens:extractDeepLinksDebug

> Task :react-native-screens:processDebugManifest
package="com.swmansion.rnscreens" found in source AndroidManifest.xml: /home/scratcher/Documents/CapStash/CapStashWallet/node_modules/react-native-screens/android/src/main/AndroidManifest.xml.
Setting the namespace via the package attribute in the source AndroidManifest.xml is no longer supported, and the value is ignored.
Recommendation: remove package="com.swmansion.rnscreens" from the source AndroidManifest.xml: /home/scratcher/Documents/CapStash/CapStashWallet/node_modules/react-native-screens/android/src/main/AndroidManifest.xml.

> Task :react-native-svg:extractDeepLinksDebug

> Task :react-native-svg:processDebugManifest
package="com.horcrux.svg" found in source AndroidManifest.xml: /home/scratcher/Documents/CapStash/CapStashWallet/node_modules/react-native-svg/android/src/main/AndroidManifest.xml.
Setting the namespace via the package attribute in the source AndroidManifest.xml is no longer supported, and the value is ignored.
Recommendation: remove package="com.horcrux.svg" from the source AndroidManifest.xml: /home/scratcher/Documents/CapStash/CapStashWallet/node_modules/react-native-svg/android/src/main/AndroidManifest.xml.

> Task :react-native-vision-camera:extractDeepLinksDebug
> Task :react-native-vision-camera:processDebugManifest
> Task :react-native-async-storage_async-storage:compileDebugLibraryResources
> Task :app:mergeDebugResources
> Task :app:processDebugMainManifest
> Task :app:processDebugManifest
> Task :react-native-community_netinfo:compileDebugLibraryResources
> Task :app:processDebugManifestForPackage
> Task :react-native-async-storage_async-storage:parseDebugLocalResources
> Task :react-native-encrypted-storage:compileDebugLibraryResources
> Task :react-native-community_netinfo:parseDebugLocalResources
> Task :react-native-encrypted-storage:parseDebugLocalResources
> Task :react-native-gesture-handler:compileDebugLibraryResources
> Task :react-native-gesture-handler:parseDebugLocalResources
> Task :react-native-community_netinfo:generateDebugRFile
> Task :react-native-encrypted-storage:generateDebugRFile
> Task :react-native-async-storage_async-storage:generateDebugRFile
> Task :react-native-gesture-handler:generateDebugRFile
> Task :react-native-linear-gradient:compileDebugLibraryResources
> Task :react-native-masked-view_masked-view:compileDebugLibraryResources
> Task :react-native-linear-gradient:parseDebugLocalResources
> Task :react-native-masked-view_masked-view:parseDebugLocalResources
> Task :react-native-reanimated:compileDebugLibraryResources
> Task :react-native-linear-gradient:generateDebugRFile
> Task :react-native-masked-view_masked-view:generateDebugRFile
> Task :react-native-reanimated:parseDebugLocalResources
> Task :react-native-safe-area-context:compileDebugLibraryResources
> Task :react-native-reanimated:generateDebugRFile
> Task :react-native-safe-area-context:parseDebugLocalResources
> Task :react-native-svg:compileDebugLibraryResources
> Task :react-native-safe-area-context:generateDebugRFile
> Task :react-native-screens:parseDebugLocalResources
> Task :react-native-svg:parseDebugLocalResources
> Task :react-native-screens:compileDebugLibraryResources
> Task :react-native-vision-camera:compileDebugLibraryResources
> Task :react-native-async-storage_async-storage:generateDebugBuildConfig
> Task :react-native-svg:generateDebugRFile
> Task :react-native-vision-camera:parseDebugLocalResources
> Task :react-native-screens:generateDebugRFile
> Task :react-native-async-storage_async-storage:javaPreCompileDebug
> Task :react-native-vision-camera:generateDebugRFile

> Task :react-native-async-storage_async-storage:compileDebugJavaWithJavac

> Task :react-native-community_netinfo:generateDebugBuildConfig
> Task :react-native-community_netinfo:javaPreCompileDebug
> Task :react-native-encrypted-storage:generateDebugBuildConfig
> Task :react-native-async-storage_async-storage:bundleLibCompileToJarDebug

> Task :react-native-community_netinfo:compileDebugJavaWithJavac

> Task :react-native-community_netinfo:bundleLibCompileToJarDebug
> Task :react-native-encrypted-storage:javaPreCompileDebug
> Task :react-native-gesture-handler:generateDebugBuildConfig
> Task :react-native-encrypted-storage:compileDebugJavaWithJavac
> Task :react-native-encrypted-storage:bundleLibCompileToJarDebug
> Task :react-native-reanimated:generateDebugBuildConfig
> Task :react-native-reanimated:packageNdkLibs NO-SOURCE
> Task :react-native-reanimated:javaPreCompileDebug
> Task :react-native-gesture-handler:javaPreCompileDebug
> Task :app:processDebugResources

> Task :react-native-reanimated:compileDebugJavaWithJavac

> Task :react-native-reanimated:bundleLibCompileToJarDebug
> Task :react-native-linear-gradient:generateDebugBuildConfig
> Task :react-native-linear-gradient:javaPreCompileDebug
> Task :react-native-masked-view_masked-view:generateDebugBuildConfig
> Task :react-native-linear-gradient:compileDebugJavaWithJavac
> Task :react-native-linear-gradient:bundleLibCompileToJarDebug
> Task :react-native-masked-view_masked-view:javaPreCompileDebug
> Task :react-native-safe-area-context:generateDebugBuildConfig
> Task :react-native-masked-view_masked-view:compileDebugJavaWithJavac
> Task :react-native-masked-view_masked-view:bundleLibCompileToJarDebug
> Task :react-native-safe-area-context:javaPreCompileDebug
> Task :react-native-screens:generateDebugBuildConfig
> Task :react-native-screens:javaPreCompileDebug
> Task :react-native-svg:generateDebugBuildConfig
> Task :react-native-svg:javaPreCompileDebug

> Task :react-native-svg:compileDebugJavaWithJavac

> Task :react-native-svg:bundleLibCompileToJarDebug
> Task :react-native-vision-camera:generateDebugBuildConfig
> Task :react-native-gesture-handler:compileDebugKotlin
> Task :react-native-safe-area-context:compileDebugKotlin
> Task :react-native-screens:compileDebugKotlin
> Task :react-native-vision-camera:compileDebugKotlin

> Task :react-native-safe-area-context:compileDebugKotlin
w: file:///home/scratcher/Documents/CapStash/CapStashWallet/node_modules/react-native-safe-area-context/android/src/main/java/com/th3rdwave/safeareacontext/SafeAreaContextModule.kt:6:46 'ReactModule' is deprecated. Deprecated in Java
w: file:///home/scratcher/Documents/CapStash/CapStashWallet/node_modules/react-native-safe-area-context/android/src/main/java/com/th3rdwave/safeareacontext/SafeAreaContextModule.kt:8:2 'ReactModule' is deprecated. Deprecated in Java
w: file:///home/scratcher/Documents/CapStash/CapStashWallet/node_modules/react-native-safe-area-context/android/src/main/java/com/th3rdwave/safeareacontext/SafeAreaContextPackage.kt:6:46 'ReactModule' is deprecated. Deprecated in Java
w: file:///home/scratcher/Documents/CapStash/CapStashWallet/node_modules/react-native-safe-area-context/android/src/main/java/com/th3rdwave/safeareacontext/SafeAreaContextPackage.kt:25:51 'ReactModule' is deprecated. Deprecated in Java
w: file:///home/scratcher/Documents/CapStash/CapStashWallet/node_modules/react-native-safe-area-context/android/src/main/java/com/th3rdwave/safeareacontext/SafeAreaContextPackage.kt:27:11 'constructor ReactModuleInfo(String!, String!, Boolean, Boolean, Boolean, Boolean, Boolean)' is deprecated. Deprecated in Java
w: file:///home/scratcher/Documents/CapStash/CapStashWallet/node_modules/react-native-safe-area-context/android/src/main/java/com/th3rdwave/safeareacontext/SafeAreaContextPackage.kt:33:27 'hasConstants: Boolean' is deprecated. Deprecated in Java
w: file:///home/scratcher/Documents/CapStash/CapStashWallet/node_modules/react-native-safe-area-context/android/src/main/java/com/th3rdwave/safeareacontext/SafeAreaProviderManager.kt:4:46 'ReactModule' is deprecated. Deprecated in Java
w: file:///home/scratcher/Documents/CapStash/CapStashWallet/node_modules/react-native-safe-area-context/android/src/main/java/com/th3rdwave/safeareacontext/SafeAreaProviderManager.kt:11:2 'ReactModule' is deprecated. Deprecated in Java
w: file:///home/scratcher/Documents/CapStash/CapStashWallet/node_modules/react-native-safe-area-context/android/src/main/java/com/th3rdwave/safeareacontext/SafeAreaView.kt:59:23 'getter for uiImplementation: UIImplementation!' is deprecated. Deprecated in Java
w: file:///home/scratcher/Documents/CapStash/CapStashWallet/node_modules/react-native-safe-area-context/android/src/main/java/com/th3rdwave/safeareacontext/SafeAreaViewManager.kt:4:46 'ReactModule' is deprecated. Deprecated in Java
w: file:///home/scratcher/Documents/CapStash/CapStashWallet/node_modules/react-native-safe-area-context/android/src/main/java/com/th3rdwave/safeareacontext/SafeAreaViewManager.kt:14:2 'ReactModule' is deprecated. Deprecated in Java

> Task :react-native-safe-area-context:compileDebugJavaWithJavac

> Task :react-native-safe-area-context:bundleLibCompileToJarDebug
> Task :react-native-vision-camera:javaPreCompileDebug
> Task :app:javaPreCompileDebug
> Task :app:mergeDebugShaders
> Task :app:compileDebugShaders NO-SOURCE
> Task :app:generateDebugAssets UP-TO-DATE
> Task :react-native-async-storage_async-storage:mergeDebugShaders
> Task :react-native-async-storage_async-storage:compileDebugShaders NO-SOURCE
> Task :react-native-async-storage_async-storage:generateDebugAssets UP-TO-DATE
> Task :react-native-async-storage_async-storage:packageDebugAssets
> Task :react-native-community_netinfo:mergeDebugShaders
> Task :react-native-community_netinfo:compileDebugShaders NO-SOURCE
> Task :react-native-community_netinfo:generateDebugAssets UP-TO-DATE
> Task :react-native-community_netinfo:packageDebugAssets
> Task :react-native-encrypted-storage:mergeDebugShaders
> Task :react-native-encrypted-storage:compileDebugShaders NO-SOURCE
> Task :react-native-encrypted-storage:generateDebugAssets UP-TO-DATE
> Task :react-native-encrypted-storage:packageDebugAssets
> Task :react-native-gesture-handler:mergeDebugShaders
> Task :react-native-gesture-handler:compileDebugShaders NO-SOURCE
> Task :react-native-gesture-handler:generateDebugAssets UP-TO-DATE
> Task :react-native-gesture-handler:packageDebugAssets
> Task :react-native-linear-gradient:mergeDebugShaders
> Task :react-native-linear-gradient:compileDebugShaders NO-SOURCE
> Task :react-native-linear-gradient:generateDebugAssets UP-TO-DATE
> Task :react-native-linear-gradient:packageDebugAssets
> Task :react-native-masked-view_masked-view:mergeDebugShaders
> Task :react-native-masked-view_masked-view:compileDebugShaders NO-SOURCE
> Task :react-native-masked-view_masked-view:generateDebugAssets UP-TO-DATE
> Task :react-native-masked-view_masked-view:packageDebugAssets
> Task :react-native-reanimated:mergeDebugShaders
> Task :react-native-reanimated:compileDebugShaders NO-SOURCE
> Task :react-native-reanimated:generateDebugAssets UP-TO-DATE
> Task :react-native-reanimated:packageDebugAssets
> Task :react-native-safe-area-context:mergeDebugShaders
> Task :react-native-safe-area-context:compileDebugShaders NO-SOURCE
> Task :react-native-safe-area-context:generateDebugAssets UP-TO-DATE
> Task :react-native-safe-area-context:packageDebugAssets
> Task :react-native-screens:mergeDebugShaders
> Task :react-native-screens:compileDebugShaders NO-SOURCE
> Task :react-native-screens:generateDebugAssets UP-TO-DATE
> Task :react-native-screens:packageDebugAssets
> Task :react-native-svg:mergeDebugShaders
> Task :react-native-svg:compileDebugShaders NO-SOURCE
> Task :react-native-svg:generateDebugAssets UP-TO-DATE
> Task :react-native-svg:packageDebugAssets
> Task :react-native-vision-camera:mergeDebugShaders
> Task :react-native-vision-camera:compileDebugShaders NO-SOURCE
> Task :react-native-vision-camera:generateDebugAssets UP-TO-DATE
> Task :react-native-vision-camera:packageDebugAssets
> Task :app:mergeDebugAssets
> Task :app:compressDebugAssets
> Task :react-native-async-storage_async-storage:bundleLibRuntimeToJarDebug
> Task :react-native-community_netinfo:bundleLibRuntimeToJarDebug
> Task :react-native-masked-view_masked-view:bundleLibRuntimeToJarDebug
> Task :react-native-encrypted-storage:bundleLibRuntimeToJarDebug
> Task :react-native-reanimated:bundleLibRuntimeToJarDebug
> Task :react-native-linear-gradient:bundleLibRuntimeToJarDebug
> Task :react-native-safe-area-context:bundleLibRuntimeToJarDebug
> Task :react-native-svg:bundleLibRuntimeToJarDebug

> Task :react-native-screens:compileDebugKotlin
w: file:///home/scratcher/Documents/CapStash/CapStashWallet/node_modules/react-native-screens/android/src/main/java/com/swmansion/rnscreens/ScreenContainerViewManager.kt:5:46 'ReactModule' is deprecated. Deprecated in Java
w: file:///home/scratcher/Documents/CapStash/CapStashWallet/node_modules/react-native-screens/android/src/main/java/com/swmansion/rnscreens/ScreenContainerViewManager.kt:10:2 'ReactModule' is deprecated. Deprecated in Java
w: file:///home/scratcher/Documents/CapStash/CapStashWallet/node_modules/react-native-screens/android/src/main/java/com/swmansion/rnscreens/ScreenStackFragment.kt:65:28 'setter for targetElevation: Float' is deprecated. Deprecated in Java
w: file:///home/scratcher/Documents/CapStash/CapStashWallet/node_modules/react-native-screens/android/src/main/java/com/swmansion/rnscreens/ScreenStackFragment.kt:128:28 'setter for targetElevation: Float' is deprecated. Deprecated in Java
w: file:///home/scratcher/Documents/CapStash/CapStashWallet/node_modules/react-native-screens/android/src/main/java/com/swmansion/rnscreens/ScreenStackHeaderConfig.kt:86:34 'getter for systemWindowInsetTop: Int' is deprecated. Deprecated in Java
w: file:///home/scratcher/Documents/CapStash/CapStashWallet/node_modules/react-native-screens/android/src/main/java/com/swmansion/rnscreens/ScreenStackHeaderConfig.kt:229:37 'setColorFilter(Int, PorterDuff.Mode): Unit' is deprecated. Deprecated in Java
w: file:///home/scratcher/Documents/CapStash/CapStashWallet/node_modules/react-native-screens/android/src/main/java/com/swmansion/rnscreens/ScreenStackHeaderConfigViewManager.kt:7:46 'ReactModule' is deprecated. Deprecated in Java
w: file:///home/scratcher/Documents/CapStash/CapStashWallet/node_modules/react-native-screens/android/src/main/java/com/swmansion/rnscreens/ScreenStackHeaderConfigViewManager.kt:18:2 'ReactModule' is deprecated. Deprecated in Java
w: file:///home/scratcher/Documents/CapStash/CapStashWallet/node_modules/react-native-screens/android/src/main/java/com/swmansion/rnscreens/ScreenStackHeaderSubviewManager.kt:4:46 'ReactModule' is deprecated. Deprecated in Java
w: file:///home/scratcher/Documents/CapStash/CapStashWallet/node_modules/react-native-screens/android/src/main/java/com/swmansion/rnscreens/ScreenStackHeaderSubviewManager.kt:12:2 'ReactModule' is deprecated. Deprecated in Java
w: file:///home/scratcher/Documents/CapStash/CapStashWallet/node_modules/react-native-screens/android/src/main/java/com/swmansion/rnscreens/ScreenStackViewManager.kt:6:46 'ReactModule' is deprecated. Deprecated in Java
w: file:///home/scratcher/Documents/CapStash/CapStashWallet/node_modules/react-native-screens/android/src/main/java/com/swmansion/rnscreens/ScreenStackViewManager.kt:15:2 'ReactModule' is deprecated. Deprecated in Java
w: file:///home/scratcher/Documents/CapStash/CapStashWallet/node_modules/react-native-screens/android/src/main/java/com/swmansion/rnscreens/ScreenViewManager.kt:6:46 'ReactModule' is deprecated. Deprecated in Java
w: file:///home/scratcher/Documents/CapStash/CapStashWallet/node_modules/react-native-screens/android/src/main/java/com/swmansion/rnscreens/ScreenViewManager.kt:24:2 'ReactModule' is deprecated. Deprecated in Java
w: file:///home/scratcher/Documents/CapStash/CapStashWallet/node_modules/react-native-screens/android/src/main/java/com/swmansion/rnscreens/ScreenViewManager.kt:47:42 'setStateWrapper(StateWrapper!): Unit' is deprecated. Deprecated in Java
w: file:///home/scratcher/Documents/CapStash/CapStashWallet/node_modules/react-native-screens/android/src/main/java/com/swmansion/rnscreens/ScreenWindowTraits.kt:57:54 'getter for statusBarColor: Int' is deprecated. Deprecated in Java
w: file:///home/scratcher/Documents/CapStash/CapStashWallet/node_modules/react-native-screens/android/src/main/java/com/swmansion/rnscreens/ScreenWindowTraits.kt:68:48 'getter for statusBarColor: Int' is deprecated. Deprecated in Java
w: file:///home/scratcher/Documents/CapStash/CapStashWallet/node_modules/react-native-screens/android/src/main/java/com/swmansion/rnscreens/ScreenWindowTraits.kt:71:32 'setter for statusBarColor: Int' is deprecated. Deprecated in Java
w: file:///home/scratcher/Documents/CapStash/CapStashWallet/node_modules/react-native-screens/android/src/main/java/com/swmansion/rnscreens/ScreenWindowTraits.kt:137:47 'replaceSystemWindowInsets(Int, Int, Int, Int): WindowInsetsCompat' is deprecated. Deprecated in Java
w: file:///home/scratcher/Documents/CapStash/CapStashWallet/node_modules/react-native-screens/android/src/main/java/com/swmansion/rnscreens/ScreenWindowTraits.kt:138:51 'getter for systemWindowInsetLeft: Int' is deprecated. Deprecated in Java
w: file:///home/scratcher/Documents/CapStash/CapStashWallet/node_modules/react-native-screens/android/src/main/java/com/swmansion/rnscreens/ScreenWindowTraits.kt:140:51 'getter for systemWindowInsetRight: Int' is deprecated. Deprecated in Java
w: file:///home/scratcher/Documents/CapStash/CapStashWallet/node_modules/react-native-screens/android/src/main/java/com/swmansion/rnscreens/ScreenWindowTraits.kt:141:51 'getter for systemWindowInsetBottom: Int' is deprecated. Deprecated in Java
w: file:///home/scratcher/Documents/CapStash/CapStashWallet/node_modules/react-native-screens/android/src/main/java/com/swmansion/rnscreens/ScreenWindowTraits.kt:181:72 'getter for navigationBarColor: Int' is deprecated. Deprecated in Java
w: file:///home/scratcher/Documents/CapStash/CapStashWallet/node_modules/react-native-screens/android/src/main/java/com/swmansion/rnscreens/ScreenWindowTraits.kt:187:16 'setter for navigationBarColor: Int' is deprecated. Deprecated in Java
w: file:///home/scratcher/Documents/CapStash/CapStashWallet/node_modules/react-native-screens/android/src/main/java/com/swmansion/rnscreens/SearchBarManager.kt:6:46 'ReactModule' is deprecated. Deprecated in Java
w: file:///home/scratcher/Documents/CapStash/CapStashWallet/node_modules/react-native-screens/android/src/main/java/com/swmansion/rnscreens/SearchBarManager.kt:17:2 'ReactModule' is deprecated. Deprecated in Java
w: file:///home/scratcher/Documents/CapStash/CapStashWallet/node_modules/react-native-screens/android/src/main/java/com/swmansion/rnscreens/SearchBarManager.kt:100:22 Parameter 'view' is never used
w: file:///home/scratcher/Documents/CapStash/CapStashWallet/node_modules/react-native-screens/android/src/main/java/com/swmansion/rnscreens/SearchBarManager.kt:100:43 Parameter 'placeholder' is never used
w: file:///home/scratcher/Documents/CapStash/CapStashWallet/node_modules/react-native-screens/android/src/main/java/com/swmansion/rnscreens/SearchBarView.kt:147:43 Parameter 'flag' is never used
w: file:///home/scratcher/Documents/CapStash/CapStashWallet/node_modules/react-native-screens/android/src/main/java/com/swmansion/rnscreens/events/HeaderHeightChangeEvent.kt:5:44 'RCTEventEmitter' is deprecated. Deprecated in Java
w: file:///home/scratcher/Documents/CapStash/CapStashWallet/node_modules/react-native-screens/android/src/main/java/com/swmansion/rnscreens/events/HeaderHeightChangeEvent.kt:10:5 'constructor Event<T : Event<(raw) Event<*>>!>(Int)' is deprecated. Deprecated in Java
w: file:///home/scratcher/Documents/CapStash/CapStashWallet/node_modules/react-native-screens/android/src/main/java/com/swmansion/rnscreens/events/HeaderHeightChangeEvent.kt:17:44 'RCTEventEmitter' is deprecated. Deprecated in Java
w: file:///home/scratcher/Documents/CapStash/CapStashWallet/node_modules/react-native-screens/android/src/main/java/com/swmansion/rnscreens/events/HeaderHeightChangeEvent.kt:20:25 'receiveEvent(Int, String!, WritableMap?): Unit' is deprecated. Deprecated in Java
w: file:///home/scratcher/Documents/CapStash/CapStashWallet/node_modules/react-native-screens/android/src/paper/java/com/swmansion/rnscreens/FabricEnabledViewGroup.kt:5:37 'FabricViewStateManager' is deprecated. Deprecated in Java
w: file:///home/scratcher/Documents/CapStash/CapStashWallet/node_modules/react-native-screens/android/src/paper/java/com/swmansion/rnscreens/FabricEnabledViewGroup.kt:9:48 'FabricViewStateManager' is deprecated. Deprecated in Java
w: file:///home/scratcher/Documents/CapStash/CapStashWallet/node_modules/react-native-screens/android/src/paper/java/com/swmansion/rnscreens/FabricEnabledViewGroup.kt:11:42 Parameter 'width' is never used
w: file:///home/scratcher/Documents/CapStash/CapStashWallet/node_modules/react-native-screens/android/src/paper/java/com/swmansion/rnscreens/FabricEnabledViewGroup.kt:11:54 Parameter 'height' is never used

> Task :react-native-screens:compileDebugJavaWithJavac
> Task :react-native-screens:bundleLibCompileToJarDebug
> Task :react-native-screens:bundleLibRuntimeToJarDebug

> Task :react-native-vision-camera:compileDebugKotlin
w: file:///home/scratcher/Documents/CapStash/CapStashWallet/node_modules/react-native-vision-camera/android/src/main/java/com/mrousavy/camera/core/MetadataProvider.kt:44:25 'requestSingleUpdate(String, LocationListener, Looper?): Unit' is deprecated. Deprecated in Java
w: file:///home/scratcher/Documents/CapStash/CapStashWallet/node_modules/react-native-vision-camera/android/src/main/java/com/mrousavy/camera/core/utils/CamcorderProfileUtils.kt:71:42 'get(Int, Int): CamcorderProfile!' is deprecated. Deprecated in Java
w: file:///home/scratcher/Documents/CapStash/CapStashWallet/node_modules/react-native-vision-camera/android/src/main/java/com/mrousavy/camera/core/utils/CamcorderProfileUtils.kt:96:42 'get(Int, Int): CamcorderProfile!' is deprecated. Deprecated in Java
w: file:///home/scratcher/Documents/CapStash/CapStashWallet/node_modules/react-native-vision-camera/android/src/main/java/com/mrousavy/camera/core/utils/CamcorderProfileUtils.kt:121:42 'get(Int, Int): CamcorderProfile!' is deprecated. Deprecated in Java
w: file:///home/scratcher/Documents/CapStash/CapStashWallet/node_modules/react-native-vision-camera/android/src/main/java/com/mrousavy/camera/react/CameraViewModule.kt:13:46 'ReactModule' is deprecated. Deprecated in Java
w: file:///home/scratcher/Documents/CapStash/CapStashWallet/node_modules/react-native-vision-camera/android/src/main/java/com/mrousavy/camera/react/CameraViewModule.kt:37:2 'ReactModule' is deprecated. Deprecated in Java

> Task :react-native-gesture-handler:compileDebugKotlin
w: file:///home/scratcher/Documents/CapStash/CapStashWallet/node_modules/react-native-gesture-handler/android/src/main/java/com/swmansion/gesturehandler/RNGestureHandlerPackage.kt:8:46 'ReactModule' is deprecated. Deprecated in Java
w: file:///home/scratcher/Documents/CapStash/CapStashWallet/node_modules/react-native-gesture-handler/android/src/main/java/com/swmansion/gesturehandler/RNGestureHandlerPackage.kt:66:26 'ReactModule' is deprecated. Deprecated in Java
w: file:///home/scratcher/Documents/CapStash/CapStashWallet/node_modules/react-native-gesture-handler/android/src/main/java/com/swmansion/gesturehandler/RNGestureHandlerPackage.kt:66:89 'ReactModule' is deprecated. Deprecated in Java
w: file:///home/scratcher/Documents/CapStash/CapStashWallet/node_modules/react-native-gesture-handler/android/src/main/java/com/swmansion/gesturehandler/RNGestureHandlerPackage.kt:69:42 'constructor ReactModuleInfo(String!, String!, Boolean, Boolean, Boolean, Boolean, Boolean)' is deprecated. Deprecated in Java
w: file:///home/scratcher/Documents/CapStash/CapStashWallet/node_modules/react-native-gesture-handler/android/src/main/java/com/swmansion/gesturehandler/core/FlingGestureHandler.kt:25:26 Parameter 'event' is never used
w: file:///home/scratcher/Documents/CapStash/CapStashWallet/node_modules/react-native-gesture-handler/android/src/main/java/com/swmansion/gesturehandler/react/RNGestureHandlerButtonViewManager.kt:26:46 'ReactModule' is deprecated. Deprecated in Java
w: file:///home/scratcher/Documents/CapStash/CapStashWallet/node_modules/react-native-gesture-handler/android/src/main/java/com/swmansion/gesturehandler/react/RNGestureHandlerButtonViewManager.kt:38:2 'ReactModule' is deprecated. Deprecated in Java
w: file:///home/scratcher/Documents/CapStash/CapStashWallet/node_modules/react-native-gesture-handler/android/src/main/java/com/swmansion/gesturehandler/react/RNGestureHandlerModule.kt:13:46 'ReactModule' is deprecated. Deprecated in Java
w: file:///home/scratcher/Documents/CapStash/CapStashWallet/node_modules/react-native-gesture-handler/android/src/main/java/com/swmansion/gesturehandler/react/RNGestureHandlerRootViewManager.kt:3:46 'ReactModule' is deprecated. Deprecated in Java
w: file:///home/scratcher/Documents/CapStash/CapStashWallet/node_modules/react-native-gesture-handler/android/src/main/java/com/swmansion/gesturehandler/react/RNGestureHandlerRootViewManager.kt:15:2 'ReactModule' is deprecated. Deprecated in Java

> Task :react-native-vision-camera:compileDebugJavaWithJavac
> Task :react-native-vision-camera:bundleLibCompileToJarDebug
> Task :react-native-gesture-handler:compileDebugJavaWithJavac
> Task :react-native-gesture-handler:bundleLibCompileToJarDebug
> Task :react-native-gesture-handler:bundleLibRuntimeToJarDebug
> Task :react-native-vision-camera:bundleLibRuntimeToJarDebug
> Task :app:desugarDebugFileDependencies
> Task :react-native-async-storage_async-storage:processDebugJavaRes NO-SOURCE
> Task :react-native-community_netinfo:processDebugJavaRes NO-SOURCE
> Task :react-native-encrypted-storage:processDebugJavaRes NO-SOURCE
> Task :react-native-gesture-handler:processDebugJavaRes
> Task :react-native-linear-gradient:processDebugJavaRes NO-SOURCE
> Task :react-native-masked-view_masked-view:processDebugJavaRes NO-SOURCE
> Task :react-native-reanimated:processDebugJavaRes NO-SOURCE
> Task :react-native-safe-area-context:processDebugJavaRes
> Task :react-native-screens:processDebugJavaRes
> Task :react-native-svg:processDebugJavaRes NO-SOURCE
> Task :react-native-vision-camera:processDebugJavaRes
> Task :app:checkDebugDuplicateClasses
> Task :app:compileDebugKotlin
> Task :react-native-reanimated:configureCMakeDebug[arm64-v8a]
> Task :app:compileDebugJavaWithJavac
> Task :app:dexBuilderDebug
> Task :app:mergeDebugGlobalSynthetics
> Task :app:processDebugJavaRes
> Task :app:mergeLibDexDebug
> Task :app:mergeProjectDexDebug
> Task :app:mergeDebugJavaResource
> Task :react-native-reanimated:configureCMakeDebug[armeabi-v7a]
> Task :react-native-reanimated:configureCMakeDebug[x86]
> Task :app:mergeExtDexDebug
> Task :react-native-reanimated:configureCMakeDebug[x86_64]
> Task :react-native-reanimated:generateJsonModelDebug
> Task :react-native-reanimated:prefabDebugConfigurePackage UP-TO-DATE

> Task :react-native-vision-camera:configureCMakeDebug[arm64-v8a]
C/C++: VisionCamera: Frame Processors: OFF!
C/C++: CMake Warning:
C/C++:   Manually-specified variables were not used by the project:
C/C++:     ANDROID_SUPPORT_FLEXIBLE_PAGE_SIZES

> Task :react-native-vision-camera:configureCMakeDebug[armeabi-v7a]
C/C++: VisionCamera: Frame Processors: OFF!
C/C++: CMake Warning:
C/C++:   Manually-specified variables were not used by the project:
C/C++:     ANDROID_SUPPORT_FLEXIBLE_PAGE_SIZES

> Task :react-native-vision-camera:configureCMakeDebug[x86]
C/C++: VisionCamera: Frame Processors: OFF!
C/C++: CMake Warning:
C/C++:   Manually-specified variables were not used by the project:
C/C++:     ANDROID_SUPPORT_FLEXIBLE_PAGE_SIZES

> Task :react-native-vision-camera:configureCMakeDebug[x86_64]
C/C++: VisionCamera: Frame Processors: OFF!
C/C++: CMake Warning:
C/C++:   Manually-specified variables were not used by the project:
C/C++:     ANDROID_SUPPORT_FLEXIBLE_PAGE_SIZES

> Task :react-native-vision-camera:generateJsonModelDebug
> Task :react-native-vision-camera:prefabDebugConfigurePackage UP-TO-DATE
> Task :app:configureCMakeDebug[arm64-v8a]
> Task :react-native-reanimated:buildCMakeDebug[arm64-v8a]
> Task :react-native-reanimated:buildCMakeDebug[armeabi-v7a]
> Task :react-native-reanimated:buildCMakeDebug[x86]
> Task :react-native-reanimated:buildCMakeDebug[x86_64]
> Task :react-native-reanimated:externalNativeBuildDebug
> Task :react-native-reanimated:prefabDebugPackage
> Task :react-native-vision-camera:buildCMakeDebug[arm64-v8a]
> Task :react-native-vision-camera:buildCMakeDebug[armeabi-v7a]
> Task :react-native-vision-camera:buildCMakeDebug[x86]
> Task :react-native-vision-camera:buildCMakeDebug[x86_64]
> Task :react-native-vision-camera:externalNativeBuildDebug
> Task :react-native-vision-camera:prefabDebugPackage
C/C++: ninja: Entering directory `/home/scratcher/Documents/CapStash/CapStashWallet/android/app/.cxx/Debug/2f63216w/arm64-v8a'
C/C++: clang: warning: argument unused during compilation: '-mfpu=neon' [-Wunused-command-line-argument]
C/C++: [2/5] Building C object CMakeFiles/capstash_miner.dir/rpc.c.o
C/C++: clang: warning: argument unused during compilation: '-mfpu=neon' [-Wunused-command-line-argument]
C/C++: [3/5] Building C object CMakeFiles/capstash_miner.dir/miner.c.o
C/C++: clang: warning: argument unused during compilation: '-mfpu=neon' [-Wunused-command-line-argument]
C/C++: [4/5] Building C object CMakeFiles/capstash_miner.dir/whirlpool.c.o
C/C++: clang: warning: argument unused during compilation: '-mfpu=neon' [-Wunused-command-line-argument]
C/C++: [5/5] Linking C shared library /home/scratcher/Documents/CapStash/CapStashWallet/android/app/build/intermediates/cxx/Debug/2f63216w/obj/arm64-v8a/libcapstash_miner.so
> Task :app:buildCMakeDebug[arm64-v8a]
> Task :app:configureCMakeDebug[armeabi-v7a]
> Task :app:buildCMakeDebug[armeabi-v7a]
> Task :app:configureCMakeDebug[x86]
> Task :app:buildCMakeDebug[x86]
> Task :app:configureCMakeDebug[x86_64]
> Task :app:buildCMakeDebug[x86_64]
> Task :app:mergeDebugJniLibFolders
> Task :react-native-async-storage_async-storage:mergeDebugJniLibFolders
> Task :react-native-async-storage_async-storage:mergeDebugNativeLibs NO-SOURCE
> Task :react-native-async-storage_async-storage:copyDebugJniLibsProjectOnly
> Task :react-native-community_netinfo:mergeDebugJniLibFolders
> Task :react-native-community_netinfo:mergeDebugNativeLibs NO-SOURCE
> Task :react-native-community_netinfo:copyDebugJniLibsProjectOnly
> Task :react-native-encrypted-storage:mergeDebugJniLibFolders
> Task :react-native-encrypted-storage:mergeDebugNativeLibs NO-SOURCE
> Task :react-native-encrypted-storage:copyDebugJniLibsProjectOnly
> Task :react-native-gesture-handler:mergeDebugJniLibFolders
> Task :react-native-gesture-handler:mergeDebugNativeLibs NO-SOURCE
> Task :react-native-gesture-handler:copyDebugJniLibsProjectOnly
> Task :react-native-linear-gradient:mergeDebugJniLibFolders
> Task :react-native-linear-gradient:mergeDebugNativeLibs NO-SOURCE
> Task :react-native-linear-gradient:copyDebugJniLibsProjectOnly
> Task :react-native-masked-view_masked-view:mergeDebugJniLibFolders
> Task :react-native-masked-view_masked-view:mergeDebugNativeLibs NO-SOURCE
> Task :react-native-masked-view_masked-view:copyDebugJniLibsProjectOnly
> Task :react-native-reanimated:mergeDebugJniLibFolders
> Task :react-native-safe-area-context:mergeDebugJniLibFolders
> Task :react-native-safe-area-context:mergeDebugNativeLibs NO-SOURCE
> Task :react-native-safe-area-context:copyDebugJniLibsProjectOnly
> Task :react-native-screens:mergeDebugJniLibFolders
> Task :react-native-screens:mergeDebugNativeLibs NO-SOURCE
> Task :react-native-screens:copyDebugJniLibsProjectOnly
> Task :react-native-svg:mergeDebugJniLibFolders
> Task :react-native-svg:mergeDebugNativeLibs NO-SOURCE
> Task :react-native-svg:copyDebugJniLibsProjectOnly
> Task :react-native-vision-camera:mergeDebugJniLibFolders
> Task :app:validateSigningDebug
> Task :app:writeDebugAppMetadata
> Task :app:writeDebugSigningConfigVersions
> Task :react-native-vision-camera:mergeDebugNativeLibs
> Task :react-native-vision-camera:copyDebugJniLibsProjectOnly
> Task :react-native-reanimated:mergeDebugNativeLibs
> Task :react-native-reanimated:copyDebugJniLibsProjectOnly
> Task :app:mergeDebugNativeLibs
> Task :app:stripDebugDebugSymbols
> Task :app:packageDebug
> Task :app:createDebugApkListingFileRedirect

> Task :app:installDebug
Installing APK 'app-debug.apk' on 'motorola edge 5G UW (2021) - 13' for :app:debug
Installed on 1 device.

Deprecated Gradle features were used in this build, making it incompatible with Gradle 9.0.

You can use '--warning-mode all' to show the individual deprecation warnings and determine if they come from your own scripts or plugins.

For more on this, please refer to https://docs.gradle.org/8.7/userguide/command_line_interface.html#sec:command_line_warnings in the Gradle documentation.

BUILD SUCCESSFUL in 5m 4s
284 actionable tasks: 277 executed, 7 up-to-date
info Connecting to the development server...
8081
info Starting the app on "ZY22D6XNCR"...
Starting: Intent { act=android.intent.action.MAIN cat=[android.intent.category.LAUNCHER] cmp=com.capstashwallet/.MainActivity }
